2020-07-18 22:29:42,814: INFO: Browser Launched
2020-07-18 22:29:45,029: INFO: Browser Maximized
2020-07-18 22:29:47,330: INFO: Browser Closed
2020-07-18 22:29:52,637: INFO: Browser Launched
2020-07-18 22:29:54,772: INFO: Browser Maximized
2020-07-18 22:30:02,074: INFO: Browser Closed
2020-07-18 22:32:26,268: INFO: Browser Launched
2020-07-18 22:32:28,449: INFO: Browser Maximized
2020-07-18 22:32:31,361: INFO: Browser Closed
2020-07-18 22:32:36,729: INFO: Browser Launched
2020-07-18 22:32:38,919: INFO: Browser Maximized
2020-07-18 22:32:46,818: INFO: Browser Closed
2020-07-18 22:35:24,162: INFO: Browser Launched
2020-07-18 22:35:26,363: INFO: Browser Maximized
2020-07-18 22:35:28,381: INFO: Browser Closed
2020-07-18 22:35:33,551: INFO: Browser Launched
2020-07-18 22:35:35,715: INFO: Browser Maximized
2020-07-18 22:35:42,719: INFO: Browser Closed
2020-07-19 10:45:23,262: INFO: Browser Maximized
2020-07-19 10:45:25,349: INFO: Browser Closed
2020-07-19 10:45:32,870: INFO: Browser Maximized
2020-07-19 10:45:40,517: INFO: Browser Closed
2020-07-19 10:45:48,152: INFO: Browser Maximized
2020-07-19 10:45:54,255: INFO: Browser Closed
2020-07-19 10:56:14,422: INFO: Browser Launched
2020-07-19 10:56:16,601: INFO: Browser Maximized
2020-07-19 10:56:20,540: INFO: URL Launced
2020-07-19 10:56:22,702: INFO: Username entered
2020-07-19 10:56:22,862: INFO: Password entered
2020-07-19 10:56:39,094: ERROR: Login Failed
2020-07-19 10:56:39,258: INFO: Username entered
2020-07-19 10:56:39,383: INFO: Password entered
2020-07-19 10:56:52,086: INFO: Valid Login
2020-07-19 10:56:53,926: INFO: Home Page Open
2020-07-19 10:56:57,291: INFO: Username entered
2020-07-19 10:56:57,406: INFO: Password entered
2020-07-19 10:57:08,364: ERROR: Login Failed
2020-07-19 10:57:08,548: INFO: Username entered
2020-07-19 10:57:08,682: INFO: Password entered
2020-07-19 10:57:19,469: ERROR: Login Failed
2020-07-19 10:57:19,584: INFO: Browser Closed
2020-07-19 10:57:35,923: INFO: Browser Maximized
2020-07-19 10:57:41,499: INFO: Browser Closed
2020-07-19 10:58:29,723: INFO: Browser Maximized
2020-07-19 10:58:38,019: INFO: Browser Closed
2020-07-19 11:07:03,181: INFO: Browser Maximized
2020-07-19 11:07:07,575: INFO: Browser Closed
2020-07-19 11:07:15,543: INFO: Browser Maximized
2020-07-19 11:07:23,173: INFO: Browser Closed
2020-07-19 11:28:11,188: INFO: Browser Maximized
2020-07-19 11:28:16,000: INFO: Browser Closed
2020-07-19 11:28:25,509: INFO: Browser Maximized
2020-07-19 11:28:29,680: INFO: Browser Closed
2020-07-19 11:43:51,466: INFO: Browser Maximized
2020-07-19 11:43:56,194: INFO: Browser Closed
2020-07-19 11:44:03,933: INFO: Browser Maximized
2020-07-19 11:44:07,436: INFO: Browser Closed
2020-07-19 11:44:40,348: INFO: Browser Maximized
2020-07-19 11:44:44,096: INFO: Browser Closed
2020-07-19 11:44:51,766: INFO: Browser Maximized
2020-07-19 11:44:55,701: INFO: Browser Closed
2020-07-19 12:54:13,286: INFO: Browser Maximized
2020-07-19 12:54:18,470: INFO: Browser Closed
2020-07-19 12:54:26,956: INFO: Browser Maximized
2020-07-19 12:54:33,961: INFO: Browser Closed
2020-07-19 12:55:55,166: INFO: Browser Maximized
2020-07-19 12:55:59,102: INFO: Browser Closed
2020-07-19 12:56:06,725: INFO: Browser Maximized
2020-07-19 12:56:11,934: INFO: Browser Closed
2020-07-19 12:59:35,127: INFO: Browser Maximized
2020-07-19 12:59:39,783: INFO: Browser Closed
2020-07-19 12:59:47,260: INFO: Browser Maximized
2020-07-19 12:59:54,014: INFO: Browser Closed
2020-07-19 13:00:35,833: INFO: Browser Maximized
2020-07-19 13:00:41,758: INFO: Browser Closed
2020-07-19 13:00:49,240: INFO: Browser Maximized
2020-07-19 13:00:53,371: INFO: Browser Closed
2020-07-19 14:10:39,165: INFO: Browser launched
2020-07-19 14:10:41,322: INFO: Browser Maximize
2020-07-19 14:10:49,717: INFO: Browser Closed
2020-07-19 14:10:55,291: INFO: Browser launched
2020-07-19 14:10:57,499: INFO: Browser Maximize
2020-07-19 14:11:03,950: INFO: Browser Closed
2020-07-19 14:11:30,272: INFO: Browser launched
2020-07-19 14:11:32,454: INFO: Browser Maximize
2020-07-19 14:11:41,339: INFO: Browser Closed
2020-07-19 14:11:47,092: INFO: Browser launched
2020-07-19 14:11:49,244: INFO: Browser Maximize
2020-07-19 15:56:06,215: INFO: Browser Closed
2020-07-19 16:41:45,212: INFO: Browser launched
2020-07-19 16:41:47,380: INFO: Browser Maximize
2020-07-19 16:41:53,786: INFO: Browser Closed
2020-07-19 16:41:59,042: INFO: Browser launched
2020-07-19 16:42:01,206: INFO: Browser Maximize
2020-07-19 16:42:08,061: INFO: Browser Closed
